f:\heikuangkuang\heikuangkuang\hkkgames\x64\debug\vc143.pdb
f:\heikuangkuang\heikuangkuang\hkkgames\x64\debug\vc143.idb
f:\heikuangkuang\heikuangkuang\hkkgames\x64\debug\update.obj
f:\heikuangkuang\heikuangkuang\hkkgames\x64\debug\startgame.obj
f:\heikuangkuang\heikuangkuang\hkkgames\x64\debug\controller.obj
f:\heikuangkuang\heikuangkuang\hkkgames\x64\debug\screen.obj
f:\heikuangkuang\heikuangkuang\hkkgames\x64\debug\initialize.obj
f:\heikuangkuang\heikuangkuang\hkkgames\x64\debug\main.obj
f:\heikuangkuang\heikuangkuang\hkkgames\x64\debug\fight.obj
f:\heikuangkuang\heikuangkuang\hkkgames\x64\debug\before start.obj
f:\heikuangkuang\heikuangkuang\hkkgames\x64\debug\hkkgames.ilk
f:\heikuangkuang\heikuangkuang\x64\debug\hkkgames.exe
f:\heikuangkuang\heikuangkuang\x64\debug\hkkgames.pdb
f:\heikuangkuang\heikuangkuang\hkkgames\x64\debug\resource.res
f:\heikuangkuang\heikuangkuang\hkkgames\x64\debug\hkkgames.tlog\cl.command.1.tlog
f:\heikuangkuang\heikuangkuang\hkkgames\x64\debug\hkkgames.tlog\cl.items.tlog
f:\heikuangkuang\heikuangkuang\hkkgames\x64\debug\hkkgames.tlog\cl.read.1.tlog
f:\heikuangkuang\heikuangkuang\hkkgames\x64\debug\hkkgames.tlog\cl.write.1.tlog
f:\heikuangkuang\heikuangkuang\hkkgames\x64\debug\hkkgames.tlog\link.command.1.tlog
f:\heikuangkuang\heikuangkuang\hkkgames\x64\debug\hkkgames.tlog\link.read.1.tlog
f:\heikuangkuang\heikuangkuang\hkkgames\x64\debug\hkkgames.tlog\link.write.1.tlog
f:\heikuangkuang\heikuangkuang\hkkgames\x64\debug\hkkgames.tlog\rc.command.1.tlog
f:\heikuangkuang\heikuangkuang\hkkgames\x64\debug\hkkgames.tlog\rc.read.1.tlog
f:\heikuangkuang\heikuangkuang\hkkgames\x64\debug\hkkgames.tlog\rc.write.1.tlog
